<?xml version="1.0" encoding="UTF-8"?>
<!-- Generated by org.testng.reporters.JUnitReportReporter -->
<testsuite hostname="Megaya" failures="0" tests="1" name="orangeHRM.OrangeHRMSite" time="21.116" errors="0" timestamp="2024-02-19T12:21:50 IST" skipped="0">
  <testcase classname="orangeHRM.OrangeHRMSite" name="Login" time="21.116"/>
</testsuite> <!-- orangeHRM.OrangeHRMSite -->
