<?xml version="1.0" encoding="UTF-8"?>
<!-- Generated by org.testng.reporters.JUnitReportReporter -->
<testsuite hostname="Megaya" failures="0" tests="1" name="orangeHRM.OrangeHRMSite" time="19.884" errors="0" timestamp="2024-02-20T11:03:47 IST" skipped="0">
  <testcase classname="orangeHRM.OrangeHRMSite" name="Login" time="19.884"/>
</testsuite> <!-- orangeHRM.OrangeHRMSite -->
