<?xml version="1.0" encoding="UTF-8"?>
<!-- Generated by org.testng.reporters.JUnitReportReporter -->
<testsuite hostname="Megaya" failures="0" tests="1" name="phpTravels.LoginModule" time="0.008" errors="0" timestamp="2024-02-16T13:12:36 IST" skipped="0">
  <testcase classname="phpTravels.LoginModule" name="LoginTestCase" time="0.008"/>
</testsuite> <!-- phpTravels.LoginModule -->
